[debug] > Exec(early(addDefaultCommands), None, None)
[debug] > Exec(addDefaultCommands, None, None)
[debug] > Exec(early(initialize), None, None)
[debug] > Exec(initialize, None, None)
[debug] > Exec(boot, None, None)
[debug] > Exec(writeSbtVersion, None, None)
[debug] > Exec(reload, None, None)
[debug] > Exec(sbtStashOnFailure, None, None)
[debug] > Exec(onFailure loadFailed, None, None)
[debug] > Exec(loadp, None, None)
[info] welcome to sbt 1.7.1 (Amazon.com Inc. Java 11.0.14.1)
[debug]       Load.loadUnit: plugins took 243.246375ms
[debug]       Load.loadUnit: defsScala took 0.238292ms
[debug] [Loading] Scanning directory /Users/naphong/.sbt/1.0/plugins
[debug] [Loading] Found non-root projects 
[debug] [Loading] Done in /Users/naphong/.sbt/1.0/plugins, returning: ()
[debug] deducing auto plugins based on known facts Set(Atom(sbt.plugins.CorePlugin)) and clauses Clauses(Clause(Atom(sbt.plugins.JvmPlugin),Set(Atom(sbt.plugins.IvyPlugin)))
[debug] Clause(Atom(sbt.ScriptedPlugin),Set(Atom(sbt.plugins.JvmPlugin)))
[debug] Clause(Atom(sbt.plugins.SbtPlugin),Set(Atom(sbt.ScriptedPlugin)))
[debug] Clause(Atom(sbt.plugins.SemanticdbPlugin),Set(Atom(sbt.plugins.JvmPlugin)))
[debug] Clause(Atom(sbt.plugins.JUnitXmlReportPlugin),Set(Atom(sbt.plugins.JvmPlugin)))
[debug] Clause(Atom(sbt.plugins.MiniDependencyTreePlugin),Set(Atom(sbt.plugins.JvmPlugin)))
[debug] Clause(Atom(sbt.plugins.CorePlugin),Set(Atom(sbt.plugins.IvyPlugin)))
[debug] Clause(Atom(sbt.plugins.IvyPlugin),Set(Atom(sbt.plugins.JvmPlugin)))
[debug] Clause(Atom(sbt.plugins.JvmPlugin),Set(Atom(sbt.plugins.SemanticdbPlugin)))
[debug] Clause(Atom(sbt.plugins.JvmPlugin),Set(Atom(sbt.plugins.JUnitXmlReportPlugin)))
[debug] Clause(Atom(sbt.plugins.CorePlugin),Set(Atom(sbt.plugins.Giter8TemplatePlugin)))
[debug] Clause(Atom(sbt.plugins.JvmPlugin),Set(Atom(sbt.plugins.MiniDependencyTreePlugin))))
[debug]   :: deduced result: Matched(sbt.plugins.CorePlugin,sbt.plugins.Giter8TemplatePlugin,sbt.plugins.IvyPlugin,sbt.plugins.JvmPlugin,sbt.plugins.MiniDependencyTreePlugin,sbt.plugins.JUnitXmlReportPlugin,sbt.plugins.SemanticdbPlugin)
[debug] Plugins.deducer#function took 54.874667 ms
[debug]           Load.resolveProject(global-plugins) took 60.441125ms
[debug]         Load.loadTransitive: finalizeProject(Project(id global-plugins, base: /Users/naphong/.sbt/1.0/plugins, plugins: List(<none>))) took 249.0355ms
[debug] [Loading] Done in /Users/naphong/.sbt/1.0/plugins, returning: (global-plugins)
[debug]       Load.loadUnit: loadedProjectsRaw took 290.953042ms
[debug]       Load.loadUnit: cleanEvalClasses took 0.265584ms
[debug]     Load.loadUnit(file:/Users/naphong/.sbt/1.0/plugins/, ...) took 552.704083ms
[debug]   Load.apply: load took 1677.497667ms
[debug]   Load.apply: resolveProjects took 7.459833ms
[debug]   Load.apply: finalTransforms took 95.396833ms
[debug]   Load.apply: config.delegates took 6.30325ms
[debug]   Load.apply: Def.make(settings)... took 1352.017833ms
[debug]   Load.apply: structureIndex took 244.414791ms
[debug]   Load.apply: mkStreams took 1.186417ms
[info] loading global plugins from /Users/naphong/.sbt/1.0/plugins
[debug] Running task... Cancel: Signal, check cycles: false, forcegc: true
[debug] Load.defaultLoad until apply took 5355.809084ms
[debug]           Load.loadUnit: plugins took 24.7855ms
[debug]           Load.loadUnit: defsScala took 0.002541ms
[debug] [Loading] Scanning directory /Users/naphong/Desktop/Uni/funpar/Project/Sudoku/project
[debug] [Loading] Found non-root projects 
[debug] [Loading] Done in /Users/naphong/Desktop/Uni/funpar/Project/Sudoku/project, returning: ()
[debug] deducing auto plugins based on known facts Set(Atom(sbt.plugins.CorePlugin)) and clauses Clauses(Clause(Atom(sbt.plugins.JvmPlugin),Set(Atom(sbt.plugins.IvyPlugin)))
[debug] Clause(Atom(sbt.ScriptedPlugin),Set(Atom(sbt.plugins.JvmPlugin)))
[debug] Clause(Atom(sbt.plugins.SbtPlugin),Set(Atom(sbt.ScriptedPlugin)))
[debug] Clause(Atom(sbt.plugins.SemanticdbPlugin),Set(Atom(sbt.plugins.JvmPlugin)))
[debug] Clause(Atom(sbt.plugins.JUnitXmlReportPlugin),Set(Atom(sbt.plugins.JvmPlugin)))
[debug] Clause(Atom(sbt.plugins.MiniDependencyTreePlugin),Set(Atom(sbt.plugins.JvmPlugin)))
[debug] Clause(Atom(sbt.plugins.CorePlugin),Set(Atom(sbt.plugins.IvyPlugin)))
[debug] Clause(Atom(sbt.plugins.IvyPlugin),Set(Atom(sbt.plugins.JvmPlugin)))
[debug] Clause(Atom(sbt.plugins.JvmPlugin),Set(Atom(sbt.plugins.SemanticdbPlugin)))
[debug] Clause(Atom(sbt.plugins.JvmPlugin),Set(Atom(sbt.plugins.JUnitXmlReportPlugin)))
[debug] Clause(Atom(sbt.plugins.CorePlugin),Set(Atom(sbt.plugins.Giter8TemplatePlugin)))
[debug] Clause(Atom(sbt.plugins.JvmPlugin),Set(Atom(sbt.plugins.MiniDependencyTreePlugin))))
[debug]   :: deduced result: Matched(sbt.plugins.CorePlugin,sbt.plugins.Giter8TemplatePlugin,sbt.plugins.IvyPlugin,sbt.plugins.JvmPlugin,sbt.plugins.MiniDependencyTreePlugin,sbt.plugins.JUnitXmlReportPlugin,sbt.plugins.SemanticdbPlugin)
[debug] Plugins.deducer#function took 5.020625 ms
[debug]               Load.resolveProject(sudoku-build) took 3.46475ms
[debug]             Load.loadTransitive: finalizeProject(Project(id sudoku-build, base: /Users/naphong/Desktop/Uni/funpar/Project/Sudoku/project, plugins: List(<none>))) took 10.954375ms
[debug] [Loading] Done in /Users/naphong/Desktop/Uni/funpar/Project/Sudoku/project, returning: (sudoku-build)
[debug]           Load.loadUnit: loadedProjectsRaw took 16.317709ms
[debug]           Load.loadUnit: cleanEvalClasses took 0.008333ms
[debug]         Load.loadUnit(file:/Users/naphong/Desktop/Uni/funpar/Project/Sudoku/project/, ...) took 41.631ms
[debug]       Load.apply: load took 43.900708ms
[debug]       Load.apply: resolveProjects took 0.611708ms
[debug]       Load.apply: finalTransforms took 52.261458ms
[debug]       Load.apply: config.delegates took 4.331417ms
[debug]       Load.apply: Def.make(settings)... took 452.674ms
[debug]       Load.apply: structureIndex took 49.73525ms
[debug]       Load.apply: mkStreams took 0.002083ms
[info] loading project definition from /Users/naphong/Desktop/Uni/funpar/Project/Sudoku/project
[debug] Running task... Cancel: Signal, check cycles: false, forcegc: true
[debug]     Load.loadUnit: plugins took 1877.71575ms
[debug]     Load.loadUnit: defsScala took 0.002458ms
[debug] [Loading] Scanning directory /Users/naphong/Desktop/Uni/funpar/Project/Sudoku
[debug]       Load.loadUnit: mkEval took 6.838625ms
[debug] [Loading] Found root project root w/ remaining 
[debug] deducing auto plugins based on known facts Set(Atom(sbt.plugins.CorePlugin)) and clauses Clauses(Clause(Atom(sbt.plugins.JvmPlugin),Set(Atom(sbt.plugins.IvyPlugin)))
[debug] Clause(Atom(sbt.ScriptedPlugin),Set(Atom(sbt.plugins.JvmPlugin)))
[debug] Clause(Atom(sbt.plugins.SbtPlugin),Set(Atom(sbt.ScriptedPlugin)))
[debug] Clause(Atom(sbt.plugins.SemanticdbPlugin),Set(Atom(sbt.plugins.JvmPlugin)))
[debug] Clause(Atom(sbt.plugins.JUnitXmlReportPlugin),Set(Atom(sbt.plugins.JvmPlugin)))
[debug] Clause(Atom(sbt.plugins.MiniDependencyTreePlugin),Set(Atom(sbt.plugins.JvmPlugin)))
[debug] Clause(Atom(sbt.plugins.CorePlugin),Set(Atom(sbt.plugins.IvyPlugin)))
[debug] Clause(Atom(sbt.plugins.IvyPlugin),Set(Atom(sbt.plugins.JvmPlugin)))
[debug] Clause(Atom(sbt.plugins.JvmPlugin),Set(Atom(sbt.plugins.SemanticdbPlugin)))
[debug] Clause(Atom(sbt.plugins.JvmPlugin),Set(Atom(sbt.plugins.JUnitXmlReportPlugin)))
[debug] Clause(Atom(sbt.plugins.CorePlugin),Set(Atom(sbt.plugins.Giter8TemplatePlugin)))
[debug] Clause(Atom(sbt.plugins.JvmPlugin),Set(Atom(sbt.plugins.MiniDependencyTreePlugin))))
[debug]   :: deduced result: Matched(sbt.plugins.CorePlugin,sbt.plugins.Giter8TemplatePlugin,sbt.plugins.IvyPlugin,sbt.plugins.JvmPlugin,sbt.plugins.MiniDependencyTreePlugin,sbt.plugins.JUnitXmlReportPlugin,sbt.plugins.SemanticdbPlugin)
[debug] Plugins.deducer#function took 8.957375 ms
[info] loading settings for project root from build.sbt ...
[debug]         Load.resolveProject(root) took 15.675417ms
[debug]       Load.loadTransitive: finalizeProject(Project(id root, base: /Users/naphong/Desktop/Uni/funpar/Project/Sudoku, plugins: List(<none>))) took 28.152459ms
[debug] [Loading] Done in /Users/naphong/Desktop/Uni/funpar/Project/Sudoku, returning: (root)
[debug]     Load.loadUnit: loadedProjectsRaw took 4677.67475ms
[debug]     Load.loadUnit: cleanEvalClasses took 11.20525ms
[debug]   Load.loadUnit(file:/Users/naphong/Desktop/Uni/funpar/Project/Sudoku/, ...) took 6568.407125ms
[debug] Load.apply: load took 6576.243666ms
[debug] Load.apply: resolveProjects took 1.30475ms
[debug] Load.apply: finalTransforms took 36.795334ms
[debug] Load.apply: config.delegates took 5.407125ms
[debug] Load.apply: Def.make(settings)... took 259.692916ms
[debug] Load.apply: structureIndex took 43.183084ms
[debug] Load.apply: mkStreams took 0.013833ms
[info] set current project to Sudoku (in build file:/Users/naphong/Desktop/Uni/funpar/Project/Sudoku/)
[debug] > Exec(sbtPopOnFailure, None, None)
[debug] > Exec(resumeFromFailure, None, None)
[debug] > Exec(notifyUsersAboutShell, None, None)
[debug] > Exec(iflast shell, None, None)
[debug] > Exec(shell, None, None)
[info] sbt server started at local:///Users/naphong/.sbt/1.0/server/9bba077d83dcf1ead582/sock
[debug] Writing bsp connection file
[info] started sbt server
